<?xml version="1.0" encoding="UTF-8"?>
<!-- Generated by org.testng.reporters.JUnitReportReporter -->
<testsuite skipped="1" hostname="admin-PC" name="Testes.Java_Programes" tests="2" failures="0" timestamp="15 Jan 2021 23:57:56 GMT" time="0.034" errors="0">
  <testcase name="LocalVariable" time="0.034" classname="Testes.Java_Programes"/>
  <testcase name="data_types" classname="Testes.Java_Programes">
    <skipped/>
  </testcase> <!-- data_types -->
</testsuite> <!-- Testes.Java_Programes -->
