<?xml version="1.0" encoding="UTF-8"?>
<!-- Generated by org.testng.reporters.JUnitReportReporter -->
<testsuite skipped="6" hostname="admin-PC" name="Testes.BasePage" tests="9" failures="0" timestamp="18 Feb 2021 14:11:44 GMT" time="45.742" errors="0">
  <testcase name="Sort_assertion" time="18.568" classname="Testes.BasePage"/>
  <testcase name="Submit_Form_Label" time="14.568" classname="Testes.BasePage"/>
  <testcase name="nd_data" time="12.606" classname="Testes.BasePage"/>
  <testcase name="verifyemailTriggered" classname="Testes.BasePage">
    <skipped/>
  </testcase> <!-- verifyemailTriggered -->
  <testcase name="verifyDB" classname="Testes.BasePage">
    <skipped/>
  </testcase> <!-- verifyDB -->
  <testcase name="sorting" classname="Testes.BasePage">
    <skipped/>
  </testcase> <!-- sorting -->
  <testcase name="random_num" classname="Testes.BasePage">
    <skipped/>
  </testcase> <!-- random_num -->
  <testcase name="Hard_assertion" classname="Testes.BasePage">
    <skipped/>
  </testcase> <!-- Hard_assertion -->
  <testcase name="FillForm" classname="Testes.BasePage">
    <skipped/>
  </testcase> <!-- FillForm -->
</testsuite> <!-- Testes.BasePage -->
