<?xml version="1.0" encoding="UTF-8"?>
<!-- Generated by org.testng.reporters.JUnitReportReporter -->
<testsuite skipped="0" hostname="admin-PC" name="Testes.TestCases" tests="1" failures="0" timestamp="27 Dec 2020 07:01:05 GMT" time="0.047" errors="0">
  <testcase name="OpenUrl" time="0.047" classname="Testes.TestCases"/>
</testsuite> <!-- Testes.TestCases -->
