<?xml version="1.0" encoding="UTF-8"?>
<!-- Generated by org.testng.reporters.JUnitReportReporter -->
<testsuite skipped="1" hostname="admin-PC" name="Testes.SessionOne" tests="4" failures="0" timestamp="20 Jan 2021 08:37:11 GMT" time="0.023" errors="0">
  <testcase name="StudentData" time="0.003" classname="Testes.SessionOne"/>
  <testcase name="acces_data" time="0.003" classname="Testes.SessionOne"/>
  <testcase name="LocalVariable" time="0.017" classname="Testes.SessionOne"/>
  <testcase name="data_types" classname="Testes.SessionOne">
    <skipped/>
  </testcase> <!-- data_types -->
</testsuite> <!-- Testes.SessionOne -->
