<?xml version="1.0" encoding="UTF-8"?>
<!-- Generated by org.testng.reporters.JUnitReportReporter -->
<testsuite skipped="0" hostname="admin-PC" name="Testes.Basics" tests="1" failures="0" timestamp="18 Feb 2021 14:08:09 GMT" time="41.438" errors="0">
  <testcase name="Submit_Form_Label" time="41.438" classname="Testes.Basics"/>
</testsuite> <!-- Testes.Basics -->
